<?xml version="1.0" encoding="UTF-8"?>
<!-- Generated by org.testng.reporters.JUnitReportReporter -->
<testsuite hostname="DESKTOP-6D65VBR" failures="0" tests="1" name="com.Test.LeaveTest" time="11.907" errors="0" timestamp="2024-01-31T16:23:20 IST" skipped="0">
  <testcase classname="com.Test.LeaveTest" name="verifyLeave" time="11.907"/>
  <system-out/>
</testsuite> <!-- com.Test.LeaveTest -->
