<?xml version="1.0" encoding="UTF-8"?>
<!-- Generated by org.testng.reporters.JUnitReportReporter -->
<testsuite hostname="DESKTOP-6D65VBR" failures="0" tests="1" name="com.TestNGPractice.LoginOHRM" time="7.861" errors="0" timestamp="2024-01-31T11:07:39 IST" skipped="0">
  <testcase classname="com.TestNGPractice.LoginOHRM" name="method1" time="7.861"/>
  <system-out/>
</testsuite> <!-- com.TestNGPractice.LoginOHRM -->
