<?xml version="1.0" encoding="UTF-8"?>
<!-- Generated by org.testng.reporters.JUnitReportReporter -->
<testsuite hostname="DESKTOP-6D65VBR" failures="0" tests="3" name="com.TestNGPractice.PracticeTest" time="0.079" errors="0" timestamp="2024-01-31T12:13:02 IST" skipped="0">
  <testcase classname="com.TestNGPractice.PracticeTest" name="Div" time="0.047"/>
  <system-out/>
  <testcase classname="com.TestNGPractice.PracticeTest" name="Mul" time="0.011"/>
  <system-out/>
  <testcase classname="com.TestNGPractice.PracticeTest" name="Sum" time="0.021"/>
  <system-out/>
</testsuite> <!-- com.TestNGPractice.PracticeTest -->
