<?xml version="1.0" encoding="UTF-8"?>
<!-- Generated by org.testng.reporters.JUnitReportReporter -->
<testsuite hostname="DESKTOP-6D65VBR" failures="0" tests="1" name="com.Test.AdminTest" time="15.301" errors="0" timestamp="2024-01-31T14:41:30 IST" skipped="0">
  <testcase classname="com.Test.AdminTest" name="verifyAdmin" time="15.301"/>
  <system-out/>
</testsuite> <!-- com.Test.AdminTest -->
