<?xml version="1.0" encoding="UTF-8"?>
<!-- Generated by org.testng.reporters.JUnitReportReporter -->
<testsuite hostname="DESKTOP-6D65VBR" failures="0" tests="2" name="com.Test.LoginTest" time="24.808" errors="0" timestamp="2024-01-31T15:07:02 IST" skipped="0">
  <testcase classname="com.Test.LoginTest" name="test" time="12.874"/>
  <system-out/>
  <testcase classname="com.Test.LoginTest" name="test" time="11.934"/>
  <system-out/>
</testsuite> <!-- com.Test.LoginTest -->
