<?xml version="1.0" encoding="UTF-8"?>
<!-- Generated by org.testng.reporters.JUnitReportReporter -->
<testsuite hostname="DESKTOP-6D65VBR" failures="0" tests="1" name="com.Test.PIMTest" time="16.163" errors="0" timestamp="2024-01-31T14:40:26 IST" skipped="0">
  <testcase classname="com.Test.PIMTest" name="verifyPIM" time="16.163"/>
  <system-out/>
</testsuite> <!-- com.Test.PIMTest -->
